TN:
SF:src\modules\documents\services\CreateDocumentService.ts
FN:8,(anonymous_17)
FN:9,CreateDocumentService
FN:14,(anonymous_19)
FNF:3
FNH:3
FNDA:1,(anonymous_17)
FNDA:1,CreateDocumentService
FNDA:1,(anonymous_19)
DA:1,1
DA:8,1
DA:11,1
DA:14,1
DA:15,1
DA:16,1
DA:17,1
DA:18,1
DA:19,1
DA:21,1
DA:28,1
DA:30,1
DA:32,1
LF:13
LH:13
BRDA:21,0,0,1
BRF:1
BRH:1
end_of_record
TN:
SF:src\modules\users\services\AuthenticateUserService.ts
FN:20,(anonymous_18)
FN:21,AuthenticateUserService
FN:29,(anonymous_20)
FNF:3
FNH:3
FNDA:2,(anonymous_18)
FNDA:4,AuthenticateUserService
FNDA:4,(anonymous_20)
DA:1,2
DA:2,2
DA:4,2
DA:8,2
DA:20,2
DA:23,4
DA:26,4
DA:29,4
DA:30,4
DA:32,4
DA:33,1
DA:36,3
DA:41,3
DA:42,1
DA:45,2
DA:47,2
DA:51,2
DA:53,2
DA:55,2
LF:19
LH:19
BRDA:30,0,0,4
BRDA:32,1,0,1
BRDA:32,1,1,3
BRDA:41,2,0,1
BRDA:41,2,1,2
BRF:5
BRH:5
end_of_record
TN:
SF:src\modules\users\services\CreateUserService.ts
FN:10,(anonymous_18)
FN:11,CreateUserService
FN:19,(anonymous_20)
FNF:3
FNH:3
FNDA:3,(anonymous_18)
FNDA:6,CreateUserService
FNDA:6,(anonymous_20)
DA:1,3
DA:4,3
DA:10,3
DA:13,6
DA:16,6
DA:19,3
DA:20,6
DA:21,6
DA:22,6
DA:24,6
DA:26,6
DA:27,1
DA:30,5
DA:32,5
DA:37,5
DA:39,3
DA:41,3
LF:17
LH:17
BRDA:24,0,0,6
BRDA:26,1,0,1
BRDA:26,1,1,5
BRF:3
BRH:3
end_of_record
TN:
SF:src\modules\users\services\UpdateUserIpService.ts
FN:11,(anonymous_17)
FN:12,UpdateUserIp
FN:17,(anonymous_19)
FNF:3
FNH:3
FNDA:1,(anonymous_17)
FNDA:1,UpdateUserIp
FNDA:1,(anonymous_19)
DA:1,1
DA:11,1
DA:14,1
DA:17,1
DA:18,2
DA:20,1
DA:22,1
LF:7
LH:7
BRDA:18,0,0,1
BRF:1
BRH:1
end_of_record
